trial_counter,kappa_mean,kappa_std,alpha,booster,eta,lambda,lambda_bias,max_evals,nthread,num_round,objective,seed,silent,task
1,0.677261,0.005964,0.395,gblinear,0.71,4.2,1.2,200,2,170,reg:linear,2015,1,regression
2,0.679860,0.004482,0.125,gblinear,0.24,2.65,0.3,200,2,420,reg:linear,2015,1,regression
3,0.676581,0.006075,0.43,gblinear,0.81,4.5,2.8,200,2,310,reg:linear,2015,1,regression
4,0.674223,0.005916,0.27,gblinear,0.55,1.15,1.4,200,2,70,reg:linear,2015,1,regression
5,0.677881,0.004536,0.335,gblinear,0.91,2.25,2.1,200,2,70,reg:linear,2015,1,regression
6,0.577168,0.004143,0.01,gblinear,0.82,0.1,0.0,200,2,10,reg:linear,2015,1,regression
7,0.625194,0.007071,0.21,gblinear,0.29,0.0,2.6,200,2,60,reg:linear,2015,1,regression
8,0.677330,0.006010,0.35,gblinear,0.71,1.0,2.5,200,2,500,reg:linear,2015,1,regression
9,0.677581,0.006573,0.465,gblinear,0.32,2.45,2.8,200,2,300,reg:linear,2015,1,regression
10,0.677024,0.006419,0.475,gblinear,0.78,1.6,0.8,200,2,170,reg:linear,2015,1,regression
11,0.678487,0.006143,0.29,gblinear,0.26,4.7,1.7,200,2,390,reg:linear,2015,1,regression
12,0.679361,0.005509,0.36,gblinear,0.67,2.0,1.8,200,2,230,reg:linear,2015,1,regression
13,0.676318,0.005366,0.155,gblinear,0.17,1.7,2.8,200,2,170,reg:linear,2015,1,regression
14,0.680355,0.005548,0.135,gblinear,0.2,4.55,1.0,200,2,460,reg:linear,2015,1,regression
15,0.672974,0.005242,0.295,gblinear,0.43,0.45,2.9,200,2,260,reg:linear,2015,1,regression
16,0.677978,0.005941,0.39,gblinear,0.41,1.15,0.4,200,2,300,reg:linear,2015,1,regression
17,0.680001,0.006225,0.21,gblinear,1.0,3.65,1.8,200,2,360,reg:linear,2015,1,regression
18,0.678021,0.005786,0.415,gblinear,0.29,2.45,1.5,200,2,150,reg:linear,2015,1,regression
19,0.678857,0.005689,0.26,gblinear,0.1,3.35,0.0,200,2,180,reg:linear,2015,1,regression
20,0.664470,0.005279,0.19,gblinear,0.36,0.3,0.7,200,2,390,reg:linear,2015,1,regression
21,0.681451,0.004969,0.07,gblinear,0.56,3.85,1.0,200,2,480,reg:linear,2015,1,regression
22,0.680440,0.005239,0.035,gblinear,0.52,3.8,1.0,200,2,500,reg:linear,2015,1,regression
23,0.677672,0.005478,0.0,gblinear,0.54,3.25,0.5,200,2,500,reg:linear,2015,1,regression
24,0.681876,0.005259,0.065,gblinear,0.61,3.95,1.1,200,2,460,reg:linear,2015,1,regression
25,0.680903,0.004893,0.075,gblinear,0.62,3.1,2.2,200,2,440,reg:linear,2015,1,regression
26,0.680973,0.005220,0.08,gblinear,0.62,4.05,1.2,200,2,350,reg:linear,2015,1,regression
27,0.680599,0.005198,0.07,gblinear,0.43,5.0,0.7,200,2,450,reg:linear,2015,1,regression
28,0.674481,0.003713,0.035,gblinear,0.02,2.85,1.4,200,2,470,reg:linear,2015,1,regression
29,0.681103,0.005695,0.095,gblinear,0.93,4.95,1.1,200,2,390,reg:linear,2015,1,regression
30,0.680206,0.005796,0.165,gblinear,0.73,4.1,0.2,200,2,340,reg:linear,2015,1,regression
31,0.680976,0.004872,0.105,gblinear,0.63,3.65,0.8,200,2,420,reg:linear,2015,1,regression
32,0.681309,0.005221,0.04,gblinear,0.88,4.3,1.6,200,2,480,reg:linear,2015,1,regression
33,0.680190,0.005039,0.125,gblinear,0.47,2.9,1.3,200,2,430,reg:linear,2015,1,regression
34,0.679397,0.005605,0.23,gblinear,0.59,3.4,2.1,200,2,260,reg:linear,2015,1,regression
35,0.680555,0.005190,0.01,gblinear,0.49,4.75,0.5,200,2,210,reg:linear,2015,1,regression
36,0.679955,0.005698,0.17,gblinear,0.78,4.3,0.9,200,2,120,reg:linear,2015,1,regression
37,0.680813,0.005290,0.055,gblinear,0.73,3.9,1.9,200,2,320,reg:linear,2015,1,regression
38,0.680054,0.005196,0.12,gblinear,0.86,2.85,0.2,200,2,420,reg:linear,2015,1,regression
39,0.680493,0.005204,0.015,gblinear,0.38,4.45,2.3,200,2,370,reg:linear,2015,1,regression
40,0.679298,0.006158,0.24,gblinear,0.56,3.6,1.2,200,2,280,reg:linear,2015,1,regression
41,0.672290,0.005280,0.32,gblinear,0.67,2.15,0.6,200,2,30,reg:linear,2015,1,regression
42,0.680254,0.005626,0.195,gblinear,0.98,2.6,1.4,200,2,490,reg:linear,2015,1,regression
43,0.679912,0.006190,0.145,gblinear,0.8,4.8,0.2,200,2,410,reg:linear,2015,1,regression
44,0.677752,0.006329,0.5,gblinear,0.68,1.7,2.0,200,2,320,reg:linear,2015,1,regression
45,0.679968,0.005369,0.06,gblinear,0.47,3.05,1.6,200,2,210,reg:linear,2015,1,regression
46,0.679632,0.005202,0.105,gblinear,0.34,3.85,1.0,200,2,110,reg:linear,2015,1,regression
47,0.680842,0.005764,0.175,gblinear,0.2,3.5,1.3,200,2,460,reg:linear,2015,1,regression
48,0.679554,0.005595,0.285,gblinear,0.94,1.95,2.6,200,2,390,reg:linear,2015,1,regression
49,0.677968,0.005392,0.225,gblinear,0.58,1.45,0.9,200,2,290,reg:linear,2015,1,regression
50,0.677239,0.006577,0.375,gblinear,0.85,4.55,0.3,200,2,370,reg:linear,2015,1,regression
51,0.677779,0.006527,0.445,gblinear,0.74,2.35,1.5,200,2,240,reg:linear,2015,1,regression
52,0.677047,0.004790,0.02,gblinear,0.1,3.25,1.7,200,2,330,reg:linear,2015,1,regression
53,0.678425,0.006651,0.325,gblinear,0.28,4.0,2.4,200,2,480,reg:linear,2015,1,regression
54,0.669472,0.005158,0.085,gblinear,0.39,0.95,1.1,200,2,440,reg:linear,2015,1,regression
55,0.678955,0.006124,0.265,gblinear,0.51,4.4,0.6,200,2,400,reg:linear,2015,1,regression
56,0.675515,0.005299,0.14,gblinear,0.44,2.65,0.1,200,2,50,reg:linear,2015,1,regression
57,0.679174,0.005469,0.0,gblinear,0.64,4.2,0.4,200,2,370,reg:linear,2015,1,regression
58,0.679479,0.006001,0.195,gblinear,0.31,4.9,0.8,200,2,470,reg:linear,2015,1,regression
59,0.679569,0.004908,0.05,gblinear,0.23,3.2,3.0,200,2,500,reg:linear,2015,1,regression
60,0.680660,0.005864,0.12,gblinear,0.68,4.6,1.9,200,2,450,reg:linear,2015,1,regression
61,0.679137,0.004216,0.025,gblinear,0.76,3.8,1.2,200,2,90,reg:linear,2015,1,regression
62,0.666508,0.004103,0.1,gblinear,0.6,0.65,0.7,200,2,350,reg:linear,2015,1,regression
63,0.679050,0.005519,0.